<?xml version="1.0" encoding="UTF-8"?>
<!-- Generated by org.testng.reporters.JUnitReportReporter -->
<testsuite hostname="DESKTOP-EQIB10L" failures="0" tests="1" name="test" time="0.017" errors="0" timestamp="2023-08-24T08:11:47 IST" skipped="0">
  <testcase classname="test" name="test" time="0.017"/>
  <system-out/>
</testsuite> <!-- test -->
